GEN	libavutil/libavutil.version
GEN	libavcodec/libavcodec.version
GEN	libavformat/libavformat.version
CC	libavformat/aiff.o
CC	libavformat/aiffdec.o
CC	libavformat/allformats.o
CC	libavformat/avformat.o
CC	libavformat/avio.o
CC	libavformat/aviobuf.o
CC	libavformat/demux.o
CC	libavformat/demux_utils.o
CC	libavformat/dovi_isom.o
CC	libavformat/dump.o
CC	libavformat/dv.o
CC	libavformat/file.o
CC	libavformat/flac_picture.o
CC	libavformat/flacdec.o
libavformat/file.c:195:12: warning: ‘fd_dup’ defined but not used [-Wunused-function]
  195 | static int fd_dup(URLContext *h, int oldfd)
      |            ^~~~~~
CC	libavformat/format.o
CC	libavformat/id3v1.o
CC	libavformat/id3v2.o
CC	libavformat/isom.o
CC	libavformat/isom_tags.o
CC	libavformat/metadata.o
CC	libavformat/mov.o
CC	libavformat/mov_chan.o
CC	libavformat/mov_esds.o
CC	libavformat/mp3dec.o
CC	libavformat/mux.o
CC	libavformat/mux_utils.o
CC	libavformat/oggparsevorbis.o
CC	libavformat/options.o
CC	libavformat/os_support.o
libavformat/mov.c: In function ‘mov_read_trak’:
libavformat/mov.c:4749:11: warning: statement will never be executed [-Wswitch-unreachable]
 4749 |         st->codecpar->width = 0; /* let decoder init width/height */
      |         ~~^~~~~~~~~~
CC	libavformat/pcm.o
CC	libavformat/protocols.o
CC	libavformat/qtpalette.o
CC	libavformat/rawdec.o
CC	libavformat/replaygain.o
CC	libavformat/riff.o
CC	libavformat/riffdec.o
CC	libavformat/sdp.o
CC	libavformat/seek.o
libavformat/rawdec.c:105:12: warning: ‘raw_data_read_header’ defined but not used [-Wunused-function]
  105 | static int raw_data_read_header(AVFormatContext *s)
      |            ^~~~~~~~~~~~~~~~~~~~
CC	libavformat/url.o
CC	libavformat/utils.o
CC	libavformat/version.o
CC	libavformat/vorbiscomment.o
CC	libavformat/wavdec.o
GEN	libavformat/libavformat.pc
CC	libavcodec/ac3_parser.o
CC	libavcodec/adts_parser.o
CC	libavcodec/alac.o
libavformat/vorbiscomment.c: In function ‘ff_vorbiscomment_write’:
libavformat/vorbiscomment.c:103:63: warning: ‘%03d’ directive output may be truncated writing between 3 and 10 bytes into a region of size 4 [-Wformat-truncation=]
  103 |             snprintf(chapter_number, sizeof(chapter_number), "%03d", i);
      |                                                               ^~~~
libavformat/vorbiscomment.c:103:62: note: directive argument in the range [0, 2147483647]
  103 |             snprintf(chapter_number, sizeof(chapter_number), "%03d", i);
      |                                                              ^~~~~~
In file included from /usr/include/stdio.h:894,
                 from libavformat/avio.h:30,
                 from libavformat/vorbiscomment.c:22:
/usr/include/x86_64-linux-gnu/bits/stdio2.h:71:10: note: ‘__builtin___snprintf_chk’ output between 4 and 11 bytes into a destination of size 4
   71 |   return __builtin___snprintf_chk (__s, __n, __USE_FORTIFY_LEVEL - 1,
      |          ^~~~~~~~~~~~~~~~~~~~~~~~~~~~~~~~~~~~~~~~~~~~~~~~~~~~~~~~~~~~
   72 |                                    __glibc_objsize (__s), __fmt,
      |                                    ~~~~~~~~~~~~~~~~~~~~~~~~~~~~~
   73 |                                    __va_arg_pack ());
      |                                    ~~~~~~~~~~~~~~~~~
libavformat/vorbiscomment.c:104:69: warning: ‘%02d’ directive output may be truncated writing between 2 and 3 bytes into a region of size between 1 and 7 [-Wformat-truncation=]
  104 |             snprintf(chapter_time, sizeof(chapter_time), "%02d:%02d:%02d.%03d", h, m, s, ms);
      |                                                                     ^~~~
libavformat/vorbiscomment.c:104:58: note: directive argument in the range [-59, 59]
  104 |             snprintf(chapter_time, sizeof(chapter_time), "%02d:%02d:%02d.%03d", h, m, s, ms);
      |                                                          ^~~~~~~~~~~~~~~~~~~~~
libavformat/vorbiscomment.c:104:58: note: directive argument in the range [-999, 999]
In file included from /usr/include/stdio.h:894,
                 from libavformat/avio.h:30,
                 from libavformat/vorbiscomment.c:22:
/usr/include/x86_64-linux-gnu/bits/stdio2.h:71:10: note: ‘__builtin___snprintf_chk’ output between 13 and 21 bytes into a destination of size 13
   71 |   return __builtin___snprintf_chk (__s, __n, __USE_FORTIFY_LEVEL - 1,
      |          ^~~~~~~~~~~~~~~~~~~~~~~~~~~~~~~~~~~~~~~~~~~~~~~~~~~~~~~~~~~~
   72 |                                    __glibc_objsize (__s), __fmt,
      |                                    ~~~~~~~~~~~~~~~~~~~~~~~~~~~~~
   73 |                                    __va_arg_pack ());
      |                                    ~~~~~~~~~~~~~~~~~
CC	libavcodec/alac_data.o
CC	libavcodec/alacdsp.o
CC	libavcodec/allcodecs.o
CC	libavcodec/avcodec.o
CC	libavcodec/avdct.o
CC	libavcodec/avfft.o
CC	libavcodec/avpacket.o
CC	libavcodec/bitstream.o
CC	libavcodec/bitstream_filters.o
CC	libavcodec/bsf.o
CC	libavcodec/codec_desc.o
CC	libavcodec/codec_par.o
CC	libavcodec/d3d11va.o
CC	libavcodec/dct32_fixed.o
CC	libavcodec/dct32_float.o
CC	libavcodec/decode.o
CC	libavcodec/dirac.o
CC	libavcodec/dv_profile.o
CC	libavcodec/encode.o
CC	libavcodec/faandct.o
CC	libavcodec/faanidct.o
CC	libavcodec/fdctdsp.o
CC	libavcodec/flac.o
CC	libavcodec/flac_parser.o
CC	libavcodec/flacdata.o
CC	libavcodec/flacdec.o
CC	libavcodec/flacdsp.o
CC	libavcodec/get_buffer.o
CC	libavcodec/idctdsp.o
CC	libavcodec/imgconvert.o
CC	libavcodec/jfdctfst.o
CC	libavcodec/jfdctint.o
CC	libavcodec/jni.o
CC	libavcodec/jrevdct.o
CC	libavcodec/mathtables.o
CC	libavcodec/mediacodec.o
libavcodec/jrevdct.c:215:28: warning: argument 1 of type ‘int16_t[64]’ {aka ‘short int[64]’} with mismatched bound [-Warray-parameter=]
  215 | void ff_j_rev_dct(DCTBLOCK data)
      |                   ~~~~~~~~~^~~~
In file included from libavcodec/jrevdct.c:70:
libavcodec/dct.h:30:28: note: previously declared as ‘int16_t *’ {aka ‘short int *’}
   30 | void ff_j_rev_dct(int16_t *data);
      |                   ~~~~~~~~~^~~~
libavcodec/jrevdct.c:953:29: warning: argument 1 of type ‘int16_t[64]’ {aka ‘short int[64]’} with mismatched bound [-Warray-parameter=]
  953 | void ff_j_rev_dct4(DCTBLOCK data)
      |                    ~~~~~~~~~^~~~
In file included from libavcodec/jrevdct.c:70:
libavcodec/dct.h:31:29: note: previously declared as ‘int16_t *’ {aka ‘short int *’}
   31 | void ff_j_rev_dct4(int16_t *data);
      |                    ~~~~~~~~~^~~~
libavcodec/jrevdct.c:1140:29: warning: argument 1 of type ‘int16_t[64]’ {aka ‘short int[64]’} with mismatched bound [-Warray-parameter=]
 1140 | void ff_j_rev_dct2(DCTBLOCK data){
      |                    ~~~~~~~~~^~~~
In file included from libavcodec/jrevdct.c:70:
libavcodec/dct.h:32:29: note: previously declared as ‘int16_t *’ {aka ‘short int *’}
   32 | void ff_j_rev_dct2(int16_t *data);
      |                    ~~~~~~~~~^~~~
libavcodec/jrevdct.c:1155:29: warning: argument 1 of type ‘int16_t[64]’ {aka ‘short int[64]’} with mismatched bound [-Warray-parameter=]
 1155 | void ff_j_rev_dct1(DCTBLOCK data){
      |                    ~~~~~~~~~^~~~
In file included from libavcodec/jrevdct.c:70:
libavcodec/dct.h:33:29: note: previously declared as ‘int16_t *’ {aka ‘short int *’}
   33 | void ff_j_rev_dct1(int16_t *data);
      |                    ~~~~~~~~~^~~~
CC	libavcodec/mpeg12framerate.o
CC	libavcodec/mpeg4audio.o
CC	libavcodec/mpeg4audio_sample_rates.o
CC	libavcodec/mpegaudio.o
CC	libavcodec/mpegaudio_parser.o
CC	libavcodec/mpegaudiodata.o
CC	libavcodec/mpegaudiodec_common.o
CC	libavcodec/mpegaudiodec_float.o
CC	libavcodec/mpegaudiodecheader.o
CC	libavcodec/mpegaudiodsp.o
CC	libavcodec/mpegaudiodsp_data.o
CC	libavcodec/mpegaudiodsp_fixed.o
CC	libavcodec/mpegaudiodsp_float.o
CC	libavcodec/mpegaudiotabs.o
CC	libavcodec/options.o
CC	libavcodec/parser.o
CC	libavcodec/parsers.o
CC	libavcodec/pcm.o
CC	libavcodec/profiles.o
CC	libavcodec/pthread.o
CC	libavcodec/pthread_frame.o
libavcodec/pcm.c:95:12: warning: ‘pcm_encode_frame’ defined but not used [-Wunused-function]
   95 | static int pcm_encode_frame(AVCodecContext *avctx, AVPacket *avpkt,
      |            ^~~~~~~~~~~~~~~~
libavcodec/pcm.c:40:20: warning: ‘pcm_encode_init’ defined but not used [-Wunused-function]
   40 | static av_cold int pcm_encode_init(AVCodecContext *avctx)
      |                    ^~~~~~~~~~~~~~~
CC	libavcodec/pthread_slice.o
CC	libavcodec/qsv_api.o
CC	libavcodec/raw.o
CC	libavcodec/refstruct.o
CC	libavcodec/simple_idct.o
CC	libavcodec/utils.o
CC	libavcodec/version.o
CC	libavcodec/vlc.o
CC	libavcodec/vorbis_parser.o
CC	libavcodec/xiph.o
CC	libavcodec/ac3_channel_layout_tab.o
CC	libavcodec/to_upper4.o
GEN	libavcodec/libavcodec.pc
CC	libavutil/adler32.o
CC	libavutil/aes.o
CC	libavutil/aes_ctr.o
CC	libavutil/ambient_viewing_environment.o
CC	libavutil/audio_fifo.o
CC	libavutil/avsscanf.o
CC	libavutil/avstring.o
CC	libavutil/base64.o
CC	libavutil/blowfish.o
CC	libavutil/bprint.o
CC	libavutil/buffer.o
CC	libavutil/camellia.o
CC	libavutil/cast5.o
CC	libavutil/channel_layout.o
CC	libavutil/cpu.o
CC	libavutil/crc.o
CC	libavutil/csp.o
CC	libavutil/des.o
CC	libavutil/detection_bbox.o
CC	libavutil/dict.o
CC	libavutil/display.o
CC	libavutil/dovi_meta.o
CC	libavutil/downmix_info.o
CC	libavutil/encryption_info.o
CC	libavutil/error.o
CC	libavutil/eval.o
CC	libavutil/executor.o
CC	libavutil/fifo.o
CC	libavutil/file.o
CC	libavutil/file_open.o
CC	libavutil/film_grain_params.o
CC	libavutil/fixed_dsp.o
CC	libavutil/float_dsp.o
CC	libavutil/frame.o
CC	libavutil/hash.o
CC	libavutil/hdr_dynamic_metadata.o
CC	libavutil/hdr_dynamic_vivid_metadata.o
CC	libavutil/hmac.o
CC	libavutil/hwcontext.o
CC	libavutil/hwcontext_stub.o
CC	libavutil/imgutils.o
CC	libavutil/integer.o
CC	libavutil/intmath.o
CC	libavutil/lfg.o
CC	libavutil/lls.o
CC	libavutil/log.o
CC	libavutil/log2_tab.o
CC	libavutil/lzo.o
CC	libavutil/mastering_display_metadata.o
CC	libavutil/mathematics.o
CC	libavutil/md5.o
CC	libavutil/mem.o
CC	libavutil/murmur3.o
CC	libavutil/opt.o
CC	libavutil/parseutils.o
CC	libavutil/pixdesc.o
CC	libavutil/pixelutils.o
CC	libavutil/random_seed.o
CC	libavutil/rational.o
CC	libavutil/rc4.o
CC	libavutil/reverse.o
CC	libavutil/ripemd.o
CC	libavutil/samplefmt.o
CC	libavutil/sha.o
CC	libavutil/sha512.o
CC	libavutil/slicethread.o
CC	libavutil/spherical.o
CC	libavutil/stereo3d.o
CC	libavutil/tea.o
CC	libavutil/threadmessage.o
CC	libavutil/time.o
CC	libavutil/timecode.o
CC	libavutil/tree.o
CC	libavutil/twofish.o
CC	libavutil/tx.o
libavutil/timecode.c: In function ‘av_timecode_make_string’:
libavutil/timecode.c:123:60: warning: ‘%0*d’ directive output may be truncated writing between 1 and 10 bytes into a region of size between 2 and 14 [-Wformat-truncation=]
  123 |     snprintf(buf, AV_TIMECODE_STR_SIZE, "%s%02d:%02d:%02d%c%0*d",
      |                                                            ^~~~
libavutil/timecode.c:123:41: note: directive argument in the range [0, 2147483647]
  123 |     snprintf(buf, AV_TIMECODE_STR_SIZE, "%s%02d:%02d:%02d%c%0*d",
      |                                         ^~~~~~~~~~~~~~~~~~~~~~~~
In file included from /usr/include/stdio.h:894,
                 from libavutil/timecode.c:29:
/usr/include/x86_64-linux-gnu/bits/stdio2.h:71:10: note: ‘__builtin___snprintf_chk’ output between 11 and 32 bytes into a destination of size 23
   71 |   return __builtin___snprintf_chk (__s, __n, __USE_FORTIFY_LEVEL - 1,
      |          ^~~~~~~~~~~~~~~~~~~~~~~~~~~~~~~~~~~~~~~~~~~~~~~~~~~~~~~~~~~~
   72 |                                    __glibc_objsize (__s), __fmt,
      |                                    ~~~~~~~~~~~~~~~~~~~~~~~~~~~~~
   73 |                                    __va_arg_pack ());
      |                                    ~~~~~~~~~~~~~~~~~
CC	libavutil/tx_double.o
CC	libavutil/tx_float.o
CC	libavutil/tx_int32.o
CC	libavutil/utils.o
CC	libavutil/uuid.o
CC	libavutil/version.o
CC	libavutil/video_enc_params.o
CC	libavutil/video_hint.o
CC	libavutil/xga_font_data.o
CC	libavutil/xtea.o
GEN	libavutil/libavutil.pc
AR	libavformat/libavformat.a
AR	libavcodec/libavcodec.a
AR	libavutil/libavutil.a
